Started by user [8mha:////4Gm8z8svCaXKqFzr1Z5zntsQFmxEgC1XfjqScehTkFs8AAAAlx+LCAAAAAAAAP9b85aBtbiIQTGjNKU4P08vOT+vOD8nVc83PyU1x6OyILUoJzMv2y+/JJUBAhiZGBgqihhk0NSjKDWzXb3RdlLBUSYGJk8GtpzUvPSSDB8G5tKinBIGIZ+sxLJE/ZzEvHT94JKizLx0a6BxUmjGOUNodHsLgAzWEgZu/dLi1CL9xJTczDwAj6GcLcAAAAA=[0mnazar
Running as SYSTEM
Building remotely on [8mha:////4Gb5jqnYN5atl4H6TvVp5YbnrSRqULYVnZcIQhut4W5hAAAAnx+LCAAAAAAAAP9b85aBtbiIQTGjNKU4P08vOT+vOD8nVc83PyU1x6OyILUoJzMv2y+/JJUBAhiZGBgqihhk0NSjKDWzXb3RdlLBUSYGJk8GtpzUvPSSDB8G5tKinBIGIZ+sxLJE/ZzEvHT94JKizLx0a6BxUmjGOUNodHsLgAzOEgZh/eT83ILSktQi/TBfI93inMSyVAA+LWVRyAAAAA==[0mVM2-slave (linux_vm2_slave) in workspace /home/user1/workspace/selenium
[selenium] $ /bin/sh -xe /tmp/jenkins8098664813399194851.sh
+ build_number=26
+ sudo touch /etc/ansible/playbook-selenium.yml
+ sudo chmod 755 /etc/ansible/playbook-selenium.yml
+ sudo tee /etc/ansible/playbook-selenium.yml
+ sudo sed -i s/buildnumber/26/g /etc/ansible/playbook-selenium.yml
[selenium] $ ansible-playbook /etc/ansible/playbook-selenium.yml -f 5

PLAY [ansibleslave] ************************************************************

TASK [Gathering Facts] *********************************************************
[WARNING]: Platform linux on host 172.31.32.48 is using the discovered Python
interpreter at /usr/bin/python, but future installation of another Python
interpreter could change this. See https://docs.ansible.com/ansible/2.9/referen
ce_appendices/interpreter_discovery.html for more information.
ok: [172.31.32.48]

TASK [Creates directory] *******************************************************
changed: [172.31.32.48]

TASK [setting up gitrepo] ******************************************************
changed: [172.31.32.48]

TASK [Get the project from github] *********************************************
changed: [172.31.32.48]

TASK [create script] ***********************************************************
changed: [172.31.32.48]

TASK [add content to dockerfile] ***********************************************
ok: [172.31.32.48]

TASK [execute shell file] ******************************************************
fatal: [172.31.32.48]: FAILED! => {"changed": true, "cmd": "/home/user1/selenium-script.sh", "delta": "0:00:00.124834", "end": "2021-01-10 17:42:26.376486", "msg": "non-zero return code", "rc": 1, "start": "2021-01-10 17:42:26.251652", "stderr": "Error: Could not find or load main class org.testng.TestNG", "stderr_lines": ["Error: Could not find or load main class org.testng.TestNG"], "stdout": "", "stdout_lines": []}

PLAY RECAP *********************************************************************
172.31.32.48               : ok=6    changed=4    unreachable=0    failed=1    skipped=0    rescued=0    ignored=0   

FATAL: command execution failed
hudson.AbortException: Ansible playbook execution failed
	at org.jenkinsci.plugins.ansible.AnsiblePlaybookBuilder.perform(AnsiblePlaybookBuilder.java:262)
	at org.jenkinsci.plugins.ansible.AnsiblePlaybookBuilder.perform(AnsiblePlaybookBuilder.java:232)
	at jenkins.tasks.SimpleBuildStep.perform(SimpleBuildStep.java:123)
	at hudson.tasks.BuildStepCompatibilityLayer.perform(BuildStepCompatibilityLayer.java:80)
	at hudson.tasks.BuildStepMonitor$1.perform(BuildStepMonitor.java:20)
	at hudson.model.AbstractBuild$AbstractBuildExecution.perform(AbstractBuild.java:804)
	at hudson.model.Build$BuildExecution.build(Build.java:197)
	at hudson.model.Build$BuildExecution.doRun(Build.java:163)
	at hudson.model.AbstractBuild$AbstractBuildExecution.run(AbstractBuild.java:514)
	at hudson.model.Run.execute(Run.java:1907)
	at hudson.model.FreeStyleBuild.run(FreeStyleBuild.java:43)
	at hudson.model.ResourceController.execute(ResourceController.java:97)
	at hudson.model.Executor.run(Executor.java:429)
ERROR: Ansible playbook execution failed
Triggering a new build of [8mha:////4DjokzJUlTN1x+zrTCpoCb8GaoZnk+7kUpzdxCKQjFcBAAAAph+LCAAAAAAAAP9b85aBtbiIQTGjNKU4P08vOT+vOD8nVc83PyU1x6OyILUoJzMv2y+/JJUBAhiZGBgqihhk0NSjKDWzXb3RdlLBUSYGJk8GtpzUvPSSDB8G5tKinBIGIZ+sxLJE/ZzEvHT94JKizLx0a6BxUmjGOUNodHsLgAyxEgYZ/az8JP2U/OTs1CKgjpLEzLzUIl2gg1NLUvUBJUOMx9EAAAA=[0mdockercontainer-delete
Finished: FAILURE
